<?xml version="1.0" encoding="UTF-8"?><testsuite errors="0" failures="0" name="Testing different request on the restful booker app" skipped="0" tests="11" time="15.99" timestamp="2023-01-09T20:15:56.302Z[Europe/London]"><testcase name="As a user I am creating authorization token"/><testcase name="As a user I am creating booking and verify booking is made"/><testcase name="As a user I update a booking with firstName"/><testcase name="As a user I updated partial booking with lastName"/><testcase name="As a user I delete the booking"/><testcase name="CRUD Test"/></testsuite>